 command line:
   ./T_FF_tb_v_isim_beh.exe
     -intstyle  ise
     -ipchost  localhost
     -ipcport  57948

Sun Jul 17 11:52:19 2022

Total Line Count : 63

 Elaboration time : 0.015625 sec.

 Estimate current memory usage : 157.336 Meg. 

 Total Signals          : 13
 Total Nets             : 12
 Total Signal Drivers   : 7
 Total Blocks           : 3
 Total Primitive Blocks : 2
 Total Processes        : 11
 Total Traceable Variables  : 23
 Total Scalar Nets and Variables : 163
ntrace select -o on -n /T_FF_tb_v/q 
ntrace select -o on -n /T_FF_tb_v/clk 
ntrace select -o on -n /T_FF_tb_v/rstn 
ntrace select -o on -n /T_FF_tb_v/delay 
ntrace select -o on -n /T_FF_tb_v/t 
ntrace select -o on -n /T_FF_tb_v/i 
ntrace start 
isimrun 1000 ns 
Simulator is doing circuit initialization process.
Finished circuit initialization process.

 Simulation time 0.046875 sec.

 Estimate current memory usage : 162.976 Meg. 

Sun Jul 17 12:00:08 2022

