 command line:
   ./half_adder_tb_v_isim_beh.exe
     -intstyle  ise
     -ipchost  localhost
     -ipcport  63032

Tue Jul 19 08:54:55 2022

Total Line Count : 53

 Elaboration time : 0.015625 sec.

 Estimate current memory usage : 157.008 Meg. 

 Total Signals          : 14
 Total Nets             : 12
 Total Signal Drivers   : 7
 Total Blocks           : 3
 Total Primitive Blocks : 2
 Total Processes        : 10
 Total Traceable Variables  : 20
 Total Scalar Nets and Variables : 125
ntrace select -o on -n /half_adder_tb_v/sum 
ntrace select -o on -n /half_adder_tb_v/carry 
ntrace select -o on -n /half_adder_tb_v/a 
ntrace select -o on -n /half_adder_tb_v/b 
ntrace select -o on -n /half_adder_tb_v/i 
ntrace start 
isimrun 1000 ns 
Simulator is doing circuit initialization process.
Finished circuit initialization process.

 Simulation time 0.046875 sec.

 Estimate current memory usage : 169.726 Meg. 

Tue Jul 19 08:55:03 2022

