 command line:
   ./SeqDect_1001_tb_v_isim_beh.exe
     -intstyle  ise
     -ipchost  localhost
     -ipcport  61588

Wed Jul 20 12:43:11 2022

Total Line Count : 95

 Elaboration time : 0.015625 sec.

 Estimate current memory usage : 157.508 Meg. 

 Total Signals          : 13
 Total Nets             : 12
 Total Signal Drivers   : 7
 Total Blocks           : 3
 Total Primitive Blocks : 2
 Total Processes        : 12
 Total Traceable Variables  : 26
 Total Scalar Nets and Variables : 106
ntrace select -o on -n /SeqDect_1001_tb_v/y 
ntrace select -o on -n /SeqDect_1001_tb_v/clk 
ntrace select -o on -n /SeqDect_1001_tb_v/rstn 
ntrace select -o on -n /SeqDect_1001_tb_v/x 
ntrace start 
isimrun 1000 ns 
Simulator is doing circuit initialization process.
Finished circuit initialization process.

 Simulation time 0.03125 sec.

 Estimate current memory usage : 163.148 Meg. 

Wed Jul 20 12:44:13 2022

