 
cpldfit:  version J.36                              Xilinx Inc.
                                  Fitter Report
Design Name: deocder_4x16                        Date:  7-19-2022, 10:11AM
Device Used: XA9536XL-15-VQ44
Fitting Status: Successful

*************************  Mapped Resource Summary  **************************

Macrocells     Product Terms    Function Block   Registers      Pins           
Used/Tot       Used/Tot         Inps Used/Tot    Used/Tot       Used/Tot       
16 /36  ( 44%) 16  /180  (  9%) 10 /108 (  9%)   0  /36  (  0%) 21 /34  ( 62%)

** Function Block Resources **

Function    Mcells      FB Inps     Pterms      IO          
Block       Used/Tot    Used/Tot    Used/Tot    Used/Tot    
FB1           8/18        5/54        8/90       8/17
FB2           8/18        5/54        8/90       8/17
             -----       -----       -----      -----    
             16/36       10/108      16/180     16/34 

* - Resource is exhausted

** Global Control Resources **

Global clock net(s) unused.
Global output enable net(s) unused.
Global set/reset net(s) unused.

** Pin Resources **

Signal Type    Required     Mapped  |  Pin Type            Used    Total 
------------------------------------|------------------------------------
Input         :    5           5    |  I/O              :    19      28
Output        :   16          16    |  GCK/IO           :     0       3
Bidirectional :    0           0    |  GTS/IO           :     1       2
GCK           :    0           0    |  GSR/IO           :     1       1
GTS           :    0           0    |
GSR           :    0           0    |
                 ----        ----
        Total     21          21

** Power Data **

There are 0 macrocells in high performance mode (MCHP).
There are 16 macrocells in low power mode (MCLP).
End of Mapped Resource Summary
*************************  Summary of Mapped Logic  ************************

** 16 Outputs **

Signal              Total Total Loc     Pin  Pin     Pin     Pwr  Slew Reg Init
Name                Pts   Inps          No.  Type    Use     Mode Rate State
out<3>              1     5     FB1_2   41   I/O     O       LOW  FAST 
out<4>              1     5     FB1_4   42   I/O     O       LOW  FAST 
out<5>              1     5     FB1_6   2    I/O     O       LOW  FAST 
out<6>              1     5     FB1_9   5    I/O     O       LOW  FAST 
out<7>              1     5     FB1_11  7    I/O     O       LOW  FAST 
out<8>              1     5     FB1_13  12   I/O     O       LOW  FAST 
out<9>              1     5     FB1_15  14   I/O     O       LOW  FAST 
out<2>              1     5     FB1_17  18   I/O     O       LOW  FAST 
out<0>              1     5     FB2_2   38   I/O     O       LOW  FAST 
out<10>             1     5     FB2_4   37   I/O     O       LOW  FAST 
out<11>             1     5     FB2_7   32   I/O     O       LOW  FAST 
out<12>             1     5     FB2_9   30   I/O     O       LOW  FAST 
out<13>             1     5     FB2_11  28   I/O     O       LOW  FAST 
out<14>             1     5     FB2_13  23   I/O     O       LOW  FAST 
out<15>             1     5     FB2_15  21   I/O     O       LOW  FAST 
out<1>              1     5     FB2_17  19   I/O     O       LOW  FAST 

** 5 Inputs **

Signal              Loc     Pin  Pin     Pin     
Name                        No.  Type    Use     
in<2>               FB2_3   36   GTS/I/O I
in<1>               FB2_6   33   GSR/I/O I
in<0>               FB2_8   31   I/O     I
en                  FB2_10  29   I/O     I
in<3>               FB2_14  22   I/O     I

Legend:
Pin No. - ~ - User Assigned
**************************  Function Block Details  ************************
Legend:
Total Pt     - Total product terms used by the macrocell signal
Imp Pt       - Product terms imported from other macrocells
Exp Pt       - Product terms exported to other macrocells
               in direction shown
Unused Pt    - Unused local product terms remaining in macrocell
Loc          - Location where logic was mapped in device
Pin Type/Use - I  - Input             GCK - Global Clock
               O  - Output            GTS - Global Output Enable
              (b) - Buried macrocell  GSR - Global Set/Reset
X            - Signal used as input to the macrocell logic.
Pin No.      - ~  - User Assigned
*********************************** FB1  ***********************************
Number of function block inputs used/remaining:               5/49
Number of signals used by logic mapping into function block:  5
Signal              Total   Imp   Exp Unused  Loc     Pin   Pin     Pin
Name                Pt      Pt    Pt  Pt               #    Type    Use
(unused)              0       0     0   5     FB1_1   40    I/O     
out<3>                1       0     0   4     FB1_2   41    I/O     O
(unused)              0       0     0   5     FB1_3   43    GCK/I/O 
out<4>                1       0     0   4     FB1_4   42    I/O     O
(unused)              0       0     0   5     FB1_5   44    GCK/I/O 
out<5>                1       0     0   4     FB1_6   2     I/O     O
(unused)              0       0     0   5     FB1_7   1     GCK/I/O 
(unused)              0       0     0   5     FB1_8   3     I/O     
out<6>                1       0     0   4     FB1_9   5     I/O     O
(unused)              0       0     0   5     FB1_10  6     I/O     
out<7>                1       0     0   4     FB1_11  7     I/O     O
(unused)              0       0     0   5     FB1_12  8     I/O     
out<8>                1       0     0   4     FB1_13  12    I/O     O
(unused)              0       0     0   5     FB1_14  13    I/O     
out<9>                1       0     0   4     FB1_15  14    I/O     O
(unused)              0       0     0   5     FB1_16  16    I/O     
out<2>                1       0     0   4     FB1_17  18    I/O     O
(unused)              0       0     0   5     FB1_18        (b)     

Signals Used by Logic in Function Block
  1: en                 3: in<1>              5: in<3> 
  2: in<0>              4: in<2>            

Signal                        1         2         3         4 FB
Name                0----+----0----+----0----+----0----+----0 Inputs
out<3>               XXXXX................................... 5
out<4>               XXXXX................................... 5
out<5>               XXXXX................................... 5
out<6>               XXXXX................................... 5
out<7>               XXXXX................................... 5
out<8>               XXXXX................................... 5
out<9>               XXXXX................................... 5
out<2>               XXXXX................................... 5
                    0----+----1----+----2----+----3----+----4
                              0         0         0         0
*********************************** FB2  ***********************************
Number of function block inputs used/remaining:               5/49
Number of signals used by logic mapping into function block:  5
Signal              Total   Imp   Exp Unused  Loc     Pin   Pin     Pin
Name                Pt      Pt    Pt  Pt               #    Type    Use
(unused)              0       0     0   5     FB2_1   39    I/O     
out<0>                1       0     0   4     FB2_2   38    I/O     O
(unused)              0       0     0   5     FB2_3   36    GTS/I/O I
out<10>               1       0     0   4     FB2_4   37    I/O     O
(unused)              0       0     0   5     FB2_5   34    GTS/I/O 
(unused)              0       0     0   5     FB2_6   33    GSR/I/O I
out<11>               1       0     0   4     FB2_7   32    I/O     O
(unused)              0       0     0   5     FB2_8   31    I/O     I
out<12>               1       0     0   4     FB2_9   30    I/O     O
(unused)              0       0     0   5     FB2_10  29    I/O     I
out<13>               1       0     0   4     FB2_11  28    I/O     O
(unused)              0       0     0   5     FB2_12  27    I/O     
out<14>               1       0     0   4     FB2_13  23    I/O     O
(unused)              0       0     0   5     FB2_14  22    I/O     I
out<15>               1       0     0   4     FB2_15  21    I/O     O
(unused)              0       0     0   5     FB2_16  20    I/O     
out<1>                1       0     0   4     FB2_17  19    I/O     O
(unused)              0       0     0   5     FB2_18        (b)     

Signals Used by Logic in Function Block
  1: en                 3: in<1>              5: in<3> 
  2: in<0>              4: in<2>            

Signal                        1         2         3         4 FB
Name                0----+----0----+----0----+----0----+----0 Inputs
out<0>               XXXXX................................... 5
out<10>              XXXXX................................... 5
out<11>              XXXXX................................... 5
out<12>              XXXXX................................... 5
out<13>              XXXXX................................... 5
out<14>              XXXXX................................... 5
out<15>              XXXXX................................... 5
out<1>               XXXXX................................... 5
                    0----+----1----+----2----+----3----+----4
                              0         0         0         0
*******************************  Equations  ********************************

********** Mapped Logic **********


out(0) <= (en AND NOT in(3) AND NOT in(2) AND NOT in(1) AND NOT in(0));


out(1) <= (en AND NOT in(3) AND NOT in(2) AND NOT in(1) AND in(0));


out(2) <= (en AND NOT in(3) AND NOT in(2) AND in(1) AND NOT in(0));


out(3) <= (en AND NOT in(3) AND NOT in(2) AND in(1) AND in(0));


out(4) <= (en AND NOT in(3) AND in(2) AND NOT in(1) AND NOT in(0));


out(5) <= (en AND NOT in(3) AND in(2) AND NOT in(1) AND in(0));


out(6) <= (en AND NOT in(3) AND in(2) AND in(1) AND NOT in(0));


out(7) <= (en AND NOT in(3) AND in(2) AND in(1) AND in(0));


out(8) <= (en AND in(3) AND NOT in(2) AND NOT in(1) AND NOT in(0));


out(9) <= (en AND in(3) AND NOT in(2) AND NOT in(1) AND in(0));


out(10) <= (en AND in(3) AND NOT in(2) AND in(1) AND NOT in(0));


out(11) <= (en AND in(3) AND NOT in(2) AND in(1) AND in(0));


out(12) <= (en AND in(3) AND in(2) AND NOT in(1) AND NOT in(0));


out(13) <= (en AND in(3) AND in(2) AND NOT in(1) AND in(0));


out(14) <= (en AND in(3) AND in(2) AND in(1) AND NOT in(0));


out(15) <= (en AND in(3) AND in(2) AND in(1) AND in(0));

Register Legend:
 FDCPE (Q,D,C,CLR,PRE,CE); 
 FTCPE (Q,D,C,CLR,PRE,CE); 
 LDCP  (Q,D,G,CLR,PRE); 

******************************  Device Pin Out *****************************

Device : XA9536XL-15-VQ44


   --------------------------------  
  /44 43 42 41 40 39 38 37 36 35 34 \
 | 1                             33 | 
 | 2                             32 | 
 | 3                             31 | 
 | 4                             30 | 
 | 5        XA9536XL-15-VQ44     29 | 
 | 6                             28 | 
 | 7                             27 | 
 | 8                             26 | 
 | 9                             25 | 
 | 10                            24 | 
 | 11                            23 | 
 \ 12 13 14 15 16 17 18 19 20 21 22 /
   --------------------------------  


Pin Signal                         Pin Signal                        
No. Name                           No. Name                          
  1 KPR                              23 out<14>                       
  2 out<5>                           24 TDO                           
  3 KPR                              25 GND                           
  4 GND                              26 VCC                           
  5 out<6>                           27 KPR                           
  6 KPR                              28 out<13>                       
  7 out<7>                           29 en                            
  8 KPR                              30 out<12>                       
  9 TDI                              31 in<0>                         
 10 TMS                              32 out<11>                       
 11 TCK                              33 in<1>                         
 12 out<8>                           34 KPR                           
 13 KPR                              35 VCC                           
 14 out<9>                           36 in<2>                         
 15 VCC                              37 out<10>                       
 16 KPR                              38 out<0>                        
 17 GND                              39 KPR                           
 18 out<2>                           40 KPR                           
 19 out<1>                           41 out<3>                        
 20 KPR                              42 out<4>                        
 21 out<15>                          43 KPR                           
 22 in<3>                            44 KPR                           


Legend :  NC  = Not Connected, unbonded pin
         PGND = Unused I/O configured as additional Ground pin
         TIE  = Unused I/O floating -- must tie to VCC, GND or other signal
         KPR  = Unused I/O with weak keeper (leave unconnected)
         VCC  = Dedicated Power Pin
         GND  = Dedicated Ground Pin
         TDI  = Test Data In, JTAG pin
         TDO  = Test Data Out, JTAG pin
         TCK  = Test Clock, JTAG pin
         TMS  = Test Mode Select, JTAG pin
  PROHIBITED  = User reserved pin
****************************  Compiler Options  ****************************

Following is a list of all global compiler options used by the fitter run.

Device(s) Specified                         : xa95*xl-*-*
Optimization Method                         : DENSITY
Multi-Level Logic Optimization              : ON
Ignore Timing Specifications                : OFF
Default Register Power Up Value             : LOW
Keep User Location Constraints              : ON
What-You-See-Is-What-You-Get                : OFF
Exhaustive Fitting                          : OFF
Keep Unused Inputs                          : OFF
Slew Rate                                   : FAST
Power Mode                                  : LOW
Ground on Unused IOs                        : OFF
Set I/O Pin Termination                     : KEEPER
Global Clock Optimization                   : ON
Global Set/Reset Optimization               : ON
Global Ouput Enable Optimization            : ON
Input Limit                                 : 54
Pterm Limit                                 : 25
