Release 9.2i - xst J.36
Copyright (c) 1995-2007 Xilinx, Inc.  All rights reserved.
--> Parameter TMPDIR set to ./xst/projnav.tmp
CPU : 0.00 / 0.09 s | Elapsed : 0.00 / 0.00 s
 
--> Parameter xsthdpdir set to ./xst
CPU : 0.00 / 0.09 s | Elapsed : 0.00 / 0.00 s
 
--> Reading design: pattern_detector_52.prj

TABLE OF CONTENTS
  1) Synthesis Options Summary
  2) HDL Compilation
  3) Design Hierarchy Analysis
  4) HDL Analysis
  5) HDL Synthesis
     5.1) HDL Synthesis Report
  6) Advanced HDL Synthesis
     6.1) Advanced HDL Synthesis Report
  7) Low Level Synthesis
  8) Partition Report
  9) Final Report

=========================================================================
*                      Synthesis Options Summary                        *
=========================================================================
---- Source Parameters
Input File Name                    : "pattern_detector_52.prj"
Input Format                       : mixed
Ignore Synthesis Constraint File   : NO

---- Target Parameters
Output File Name                   : "pattern_detector_52"
Output Format                      : NGC
Target Device                      : Automotive 9500XL

---- Source Options
Top Module Name                    : pattern_detector_52
Automatic FSM Extraction           : YES
FSM Encoding Algorithm             : Auto
Safe Implementation                : No
Mux Extraction                     : YES
Resource Sharing                   : YES

---- Target Options
Add IO Buffers                     : YES
MACRO Preserve                     : YES
XOR Preserve                       : YES
Equivalent register Removal        : YES

---- General Options
Optimization Goal                  : Speed
Optimization Effort                : 1
Library Search Order               : pattern_detector_52.lso
Keep Hierarchy                     : YES
RTL Output                         : Yes
Hierarchy Separator                : /
Bus Delimiter                      : <>
Case Specifier                     : maintain
Verilog 2001                       : YES

---- Other Options
Clock Enable                       : YES
wysiwyg                            : NO

=========================================================================


=========================================================================
*                          HDL Compilation                              *
=========================================================================
Compiling verilog file "pattern_detector_52.v" in library work
Module <pattern_detector_52> compiled
No errors in compilation
Analysis of file <"pattern_detector_52.prj"> succeeded.
 

=========================================================================
*                     Design Hierarchy Analysis                         *
=========================================================================
Analyzing hierarchy for module <pattern_detector_52> in library <work> with parameters.
	S0 = "000"
	S1 = "001"
	S2 = "010"
	S3 = "011"
	S4 = "100"
	S5 = "101"


=========================================================================
*                            HDL Analysis                               *
=========================================================================
Analyzing top module <pattern_detector_52>.
	S0 = 3'b000
	S1 = 3'b001
	S2 = 3'b010
	S3 = 3'b011
	S4 = 3'b100
	S5 = 3'b101
Module <pattern_detector_52> is correct for synthesis.
 

=========================================================================
*                           HDL Synthesis                               *
=========================================================================

Performing bidirectional port resolution...

Synthesizing Unit <pattern_detector_52>.
    Related source file is "pattern_detector_52.v".
WARNING:Xst:737 - Found 1-bit latch for signal <y>.
INFO:Xst:2371 - HDL ADVISOR - Logic functions respectively driving the data and gate enable inputs of this latch share common terms. This situation will potentially lead to setup/hold violations and, as a result, to simulation problems. This situation may come from an incomplete case statement (all selector values are not covered). You should carefully review if it was in your intentions to describe such a latch.
WARNING:Xst:737 - Found 3-bit latch for signal <next_state>.
INFO:Xst:2371 - HDL ADVISOR - Logic functions respectively driving the data and gate enable inputs of this latch share common terms. This situation will potentially lead to setup/hold violations and, as a result, to simulation problems. This situation may come from an incomplete case statement (all selector values are not covered). You should carefully review if it was in your intentions to describe such a latch.
    Found 3-bit register for signal <current_state>.
    Found 3-bit 6-to-1 multiplexer for signal <next_state$mux0000>.
Unit <pattern_detector_52> synthesized.


=========================================================================
HDL Synthesis Report

Macro Statistics
# Registers                                            : 1
 3-bit register                                        : 1
# Latches                                              : 2
 1-bit latch                                           : 1
 3-bit latch                                           : 1
# Multiplexers                                         : 1
 3-bit 6-to-1 multiplexer                              : 1

=========================================================================

=========================================================================
*                       Advanced HDL Synthesis                          *
=========================================================================


=========================================================================
Advanced HDL Synthesis Report

Macro Statistics
# Registers                                            : 3
 Flip-Flops                                            : 3
# Latches                                              : 2
 1-bit latch                                           : 1
 3-bit latch                                           : 1
# Multiplexers                                         : 1
 3-bit 6-to-1 multiplexer                              : 1

=========================================================================

=========================================================================
*                         Low Level Synthesis                           *
=========================================================================

Optimizing unit <pattern_detector_52> ...

=========================================================================
*                          Partition Report                             *
=========================================================================

Partition Implementation Status
-------------------------------

  No Partitions were found in this design.

-------------------------------

=========================================================================
*                            Final Report                               *
=========================================================================
Final Results
RTL Top Level Output File Name     : pattern_detector_52.ngr
Top Level Output File Name         : pattern_detector_52
Output Format                      : NGC
Optimization Goal                  : Speed
Keep Hierarchy                     : YES
Target Technology                  : Automotive 9500XL
Macro Preserve                     : YES
XOR Preserve                       : YES
Clock Enable                       : YES
wysiwyg                            : NO

Design Statistics
# IOs                              : 4

Cell Usage :
# BELS                             : 60
#      AND2                        : 15
#      INV                         : 28
#      OR2                         : 17
# FlipFlops/Latches                : 7
#      FDC                         : 3
#      LD                          : 4
# IO Buffers                       : 4
#      IBUF                        : 3
#      OBUF                        : 1
=========================================================================
CPU : 0.98 / 1.08 s | Elapsed : 1.00 / 1.00 s
 
--> 

Total memory usage is 181012 kilobytes

Number of errors   :    0 (   0 filtered)
Number of warnings :    2 (   0 filtered)
Number of infos    :    2 (   0 filtered)

