 command line:
   ./mutiple_twobit_addition_tb_v_isim_beh.exe
     -intstyle  ise
     -ipchost  localhost
     -ipcport  51878

Tue Jul 19 13:50:52 2022

Total Line Count : 60

 Elaboration time : 0 sec.

 Estimate current memory usage : 157.086 Meg. 

 Total Signals          : 22
 Total Nets             : 16
 Total Signal Drivers   : 9
 Total Blocks           : 7
 Total Primitive Blocks : 3
 Total Processes        : 12
 Total Traceable Variables  : 21
 Total Scalar Nets and Variables : 163
ntrace select -o on -m / -l this 
ntrace start 
isimrun 1000 ns 
Simulator is doing circuit initialization process.
Finished circuit initialization process.

 Simulation time 0.015625 sec.

 Estimate current memory usage : 162.726 Meg. 

Tue Jul 19 13:52:10 2022

