 command line:
   ./JK_FlipFlop_01_tb_v_isim_beh.exe
     -intstyle  ise
     -ipchost  localhost
     -ipcport  63663

Tue Jul 19 11:56:17 2022

Total Line Count : 59

 Elaboration time : 0.015625 sec.

 Estimate current memory usage : 157.434 Meg. 

 Total Signals          : 14
 Total Nets             : 13
 Total Signal Drivers   : 8
 Total Blocks           : 3
 Total Primitive Blocks : 2
 Total Processes        : 12
 Total Traceable Variables  : 23
 Total Scalar Nets and Variables : 131
ntrace select -o on -n /JK_FlipFlop_01_tb_v/q 
ntrace select -o on -n /JK_FlipFlop_01_tb_v/clk 
ntrace select -o on -n /JK_FlipFlop_01_tb_v/rstn 
ntrace select -o on -n /JK_FlipFlop_01_tb_v/dly 
ntrace select -o on -n /JK_FlipFlop_01_tb_v/j 
ntrace select -o on -n /JK_FlipFlop_01_tb_v/k 
ntrace select -o on -n /JK_FlipFlop_01_tb_v/i 
ntrace start 
isimrun 1000 ns 
Simulator is doing circuit initialization process.
Finished circuit initialization process.

 Simulation time 0.046875 sec.

 Estimate current memory usage : 163.074 Meg. 

Tue Jul 19 11:58:02 2022

